Building msgpack
"tar zxvf msgpack-1.1.0.tar.gz"
msgpack-1.1.0/
msgpack-1.1.0/test/
msgpack-1.1.0/test/pack_unpack.cpp
msgpack-1.1.0/test/cases.cpp
msgpack-1.1.0/test/buffer.cpp
msgpack-1.1.0/test/CMakeLists.txt
msgpack-1.1.0/test/streaming.cpp
msgpack-1.1.0/test/msgpack_vref.cpp
msgpack-1.1.0/test/object.cpp
msgpack-1.1.0/test/fixint_c.cpp
msgpack-1.1.0/test/msgpack_stream.cpp
msgpack-1.1.0/test/msgpack_container.cpp
msgpack-1.1.0/test/fixint.cpp
msgpack-1.1.0/test/reference.cpp
msgpack-1.1.0/test/msgpack_basic.cpp
msgpack-1.1.0/test/Makefile.in
msgpack-1.1.0/test/cases.mpac
msgpack-1.1.0/test/pack_unpack_c.cpp
msgpack-1.1.0/test/zone.cpp
msgpack-1.1.0/test/msgpack_cpp11.cpp
msgpack-1.1.0/test/msgpack_tuple.cpp
msgpack-1.1.0/test/object_with_zone.cpp
msgpack-1.1.0/test/convert.cpp
msgpack-1.1.0/test/cases_compact.mpac
msgpack-1.1.0/test/reference_cpp11.cpp
msgpack-1.1.0/test/Makefile.am
msgpack-1.1.0/test/iterator_cpp11.cpp
msgpack-1.1.0/test/msgpack_c.cpp
msgpack-1.1.0/test/streaming_c.cpp
msgpack-1.1.0/test/version.cpp
msgpack-1.1.0/test/limit.cpp
msgpack-1.1.0/include/
msgpack-1.1.0/include/msgpack/
msgpack-1.1.0/include/msgpack/vrefbuffer.hpp
msgpack-1.1.0/include/msgpack/fbuffer.h
msgpack-1.1.0/include/msgpack/object_fwd.hpp
msgpack-1.1.0/include/msgpack/unpack_define.h
msgpack-1.1.0/include/msgpack/detail/
msgpack-1.1.0/include/msgpack/detail/cpp03_zone.hpp
msgpack-1.1.0/include/msgpack/detail/cpp11_zone.hpp
msgpack-1.1.0/include/msgpack/version_master.h
msgpack-1.1.0/include/msgpack/zone.h
msgpack-1.1.0/include/msgpack/unpack_template.h
msgpack-1.1.0/include/msgpack/iterator.hpp
msgpack-1.1.0/include/msgpack/fbuffer.hpp
msgpack-1.1.0/include/msgpack/unpack.hpp
msgpack-1.1.0/include/msgpack/zbuffer.h
msgpack-1.1.0/include/msgpack/object.h
msgpack-1.1.0/include/msgpack/gcc_atomic.h
msgpack-1.1.0/include/msgpack/unpack.h
msgpack-1.1.0/include/msgpack/pack_define.h
msgpack-1.1.0/include/msgpack/pack.hpp
msgpack-1.1.0/include/msgpack/adaptor/
msgpack-1.1.0/include/msgpack/adaptor/set.hpp
msgpack-1.1.0/include/msgpack/adaptor/raw.hpp
msgpack-1.1.0/include/msgpack/adaptor/detail/
msgpack-1.1.0/include/msgpack/adaptor/detail/cpp11_msgpack_tuple.hpp
msgpack-1.1.0/include/msgpack/adaptor/detail/cpp11_define.hpp
msgpack-1.1.0/include/msgpack/adaptor/detail/cpp03_define.hpp
msgpack-1.1.0/include/msgpack/adaptor/detail/cpp03_msgpack_tuple.hpp
msgpack-1.1.0/include/msgpack/adaptor/fixint.hpp
msgpack-1.1.0/include/msgpack/adaptor/string.hpp
msgpack-1.1.0/include/msgpack/adaptor/vector_bool.hpp
msgpack-1.1.0/include/msgpack/adaptor/define.hpp
msgpack-1.1.0/include/msgpack/adaptor/vector.hpp
msgpack-1.1.0/include/msgpack/adaptor/cpp11/
msgpack-1.1.0/include/msgpack/adaptor/cpp11/tuple.hpp
msgpack-1.1.0/include/msgpack/adaptor/cpp11/array_char.hpp
msgpack-1.1.0/include/msgpack/adaptor/cpp11/unordered_map.hpp
msgpack-1.1.0/include/msgpack/adaptor/cpp11/forward_list.hpp
msgpack-1.1.0/include/msgpack/adaptor/cpp11/array.hpp
msgpack-1.1.0/include/msgpack/adaptor/cpp11/unordered_set.hpp
msgpack-1.1.0/include/msgpack/adaptor/vector_char.hpp
msgpack-1.1.0/include/msgpack/adaptor/list.hpp
msgpack-1.1.0/include/msgpack/adaptor/float.hpp
msgpack-1.1.0/include/msgpack/adaptor/adaptor_base.hpp
msgpack-1.1.0/include/msgpack/adaptor/int.hpp
msgpack-1.1.0/include/msgpack/adaptor/deque.hpp
msgpack-1.1.0/include/msgpack/adaptor/map.hpp
msgpack-1.1.0/include/msgpack/adaptor/check_container_size.hpp
msgpack-1.1.0/include/msgpack/adaptor/pair.hpp
msgpack-1.1.0/include/msgpack/adaptor/msgpack_tuple.hpp
msgpack-1.1.0/include/msgpack/adaptor/bool.hpp
msgpack-1.1.0/include/msgpack/adaptor/nil.hpp
msgpack-1.1.0/include/msgpack/adaptor/char_ptr.hpp
msgpack-1.1.0/include/msgpack/adaptor/tr1/
msgpack-1.1.0/include/msgpack/adaptor/tr1/unordered_map.hpp
msgpack-1.1.0/include/msgpack/adaptor/tr1/unordered_set.hpp
msgpack-1.1.0/include/msgpack/pack_template.h
msgpack-1.1.0/include/msgpack/sbuffer.h
msgpack-1.1.0/include/msgpack/sbuffer.hpp
msgpack-1.1.0/include/msgpack/type.hpp
msgpack-1.1.0/include/msgpack/zone.hpp
msgpack-1.1.0/include/msgpack/versioning.hpp
msgpack-1.1.0/include/msgpack/pack.h
msgpack-1.1.0/include/msgpack/vrefbuffer.h
msgpack-1.1.0/include/msgpack/zbuffer.hpp
msgpack-1.1.0/include/msgpack/cpp_config.hpp
msgpack-1.1.0/include/msgpack/sysdep.h
msgpack-1.1.0/include/msgpack/version.h
msgpack-1.1.0/include/msgpack/util.h
msgpack-1.1.0/include/msgpack/object.hpp
msgpack-1.1.0/include/msgpack/version.hpp
msgpack-1.1.0/include/msgpack.h
msgpack-1.1.0/include/msgpack.hpp
msgpack-1.1.0/CMakeLists.txt
msgpack-1.1.0/erb/
msgpack-1.1.0/erb/cpp03_define.hpp.erb
msgpack-1.1.0/erb/cpp03_msgpack_tuple.hpp.erb
msgpack-1.1.0/erb/cpp03_zone.hpp.erb
msgpack-1.1.0/NOTICE
msgpack-1.1.0/msgpack.pc.in
msgpack-1.1.0/AUTHORS
msgpack-1.1.0/LICENSE
msgpack-1.1.0/configure.in
msgpack-1.1.0/msgpack_vc8.sln
msgpack-1.1.0/config.h.in
msgpack-1.1.0/Makefile.in
msgpack-1.1.0/configure
msgpack-1.1.0/msgpack_vc8.vcproj
msgpack-1.1.0/README.md
msgpack-1.1.0/ac/
msgpack-1.1.0/ac/compile
msgpack-1.1.0/ac/config.sub
msgpack-1.1.0/ac/config.guess
msgpack-1.1.0/ac/missing
msgpack-1.1.0/ac/test-driver
msgpack-1.1.0/ac/ltmain.sh
msgpack-1.1.0/ac/install-sh
msgpack-1.1.0/ac/depcomp
msgpack-1.1.0/INSTALL
msgpack-1.1.0/Makefile.am
msgpack-1.1.0/aclocal.m4
msgpack-1.1.0/ChangeLog
msgpack-1.1.0/NEWS
msgpack-1.1.0/src/
msgpack-1.1.0/src/zone.c
msgpack-1.1.0/src/objectc.c
msgpack-1.1.0/src/unpack.c
msgpack-1.1.0/src/Makefile.in
msgpack-1.1.0/src/vrefbuffer.c
msgpack-1.1.0/src/version.c
msgpack-1.1.0/src/Makefile.am
msgpack-1.1.0/COPYING
msgpack-1.1.0/README
msgpack-1.1.0/msgpack_vc.postbuild.bat
"./configure --disable-dependency-tracking --disable-shared --with-pic --prefix=/home/irem/RubymineProjects/discourse/vendor/cache/ruby/2.4.0/gems/rbtrace-0.4.8/ext/dst/ --libdir=/home/irem/RubymineProjects/discourse/vendor/cache/ruby/2.4.0/gems/rbtrace-0.4.8/ext/dst/lib"
checking for a BSD-compatible install... /usr/bin/install -c
checking whether build environment is sane... yes
checking for a thread-safe mkdir -p... /bin/mkdir -p
checking for gawk... gawk
checking whether make sets $(MAKE)... yes
checking whether make supports nested variables... yes
checking for gcc... gcc
checking whether the C compiler works... yes
checking for C compiler default output file name... a.out
checking for suffix of executables... 
checking whether we are cross compiling... no
checking for suffix of object files... o
checking whether we are using the GNU C compiler... yes
checking whether gcc accepts -g... yes
checking for gcc option to accept ISO C89... none needed
checking whether gcc understands -c and -o together... yes
checking for style of include used by make... GNU
checking dependency style of gcc... none
checking if C++ API is enabled... 
checking for g++... g++
checking whether we are using the GNU C++ compiler... yes
checking whether g++ accepts -g... yes
checking dependency style of g++... none
checking build system type... x86_64-unknown-linux-gnu
checking host system type... x86_64-unknown-linux-gnu
checking how to print strings... printf
checking for a sed that does not truncate output... /bin/sed
checking for grep that handles long lines and -e... /bin/grep
checking for egrep... /bin/grep -E
checking for fgrep... /bin/grep -F
checking for ld used by gcc... /usr/bin/ld
checking if the linker (/usr/bin/ld) is GNU ld... yes
checking for BSD- or MS-compatible name lister (nm)... /usr/bin/nm -B
checking the name lister (/usr/bin/nm -B) interface... BSD nm
checking whether ln -s works... yes
checking the maximum length of command line arguments... 1572864
checking how to convert x86_64-unknown-linux-gnu file names to x86_64-unknown-linux-gnu format... func_convert_file_noop
checking how to convert x86_64-unknown-linux-gnu file names to toolchain format... func_convert_file_noop
checking for /usr/bin/ld option to reload object files... -r
checking for objdump... objdump
checking how to recognize dependent libraries... pass_all
checking for dlltool... no
checking how to associate runtime and link libraries... printf %s\n
checking for ar... ar
checking for archiver @FILE support... @
checking for strip... strip
checking for ranlib... ranlib
checking command to parse /usr/bin/nm -B output from gcc object... ok
checking for sysroot... no
checking for a working dd... /bin/dd
checking how to truncate binary pipes... /bin/dd bs=4096 count=1
checking for mt... mt
checking if mt is a manifest tool... no
checking how to run the C preprocessor... gcc -E
checking for ANSI C header files... yes
checking for sys/types.h... yes
checking for sys/stat.h... yes
checking for stdlib.h... yes
checking for string.h... yes
checking for memory.h... yes
checking for strings.h... yes
checking for inttypes.h... yes
checking for stdint.h... yes
checking for unistd.h... yes
checking for dlfcn.h... yes
checking for objdir... .libs
checking if gcc supports -fno-rtti -fno-exceptions... no
checking for gcc option to produce PIC... -fPIC -DPIC
checking if gcc PIC flag -fPIC -DPIC works... yes
checking if gcc static flag -static works... yes
checking if gcc supports -c -o file.o... yes
checking if gcc supports -c -o file.o... (cached) yes
checking whether the gcc linker (/usr/bin/ld -m elf_x86_64) supports shared libraries... yes
checking dynamic linker characteristics... GNU/Linux ld.so
checking how to hardcode library paths into programs... immediate
checking whether stripping libraries is possible... yes
checking if libtool supports shared libraries... yes
checking whether to build shared libraries... no
checking whether to build static libraries... yes
checking how to run the C++ preprocessor... g++ -E
checking for ld used by g++... /usr/bin/ld -m elf_x86_64
checking if the linker (/usr/bin/ld -m elf_x86_64) is GNU ld... yes
checking whether the g++ linker (/usr/bin/ld -m elf_x86_64) supports shared libraries... yes
checking for g++ option to produce PIC... -fPIC -DPIC
checking if g++ PIC flag -fPIC -DPIC works... yes
checking if g++ static flag -static works... yes
checking if g++ supports -c -o file.o... yes
checking if g++ supports -c -o file.o... (cached) yes
checking whether the g++ linker (/usr/bin/ld -m elf_x86_64) supports shared libraries... yes
checking dynamic linker characteristics... (cached) GNU/Linux ld.so
checking how to hardcode library paths into programs... immediate
checking dependency style of gcc... none
checking if debug option is enabled... 
checking for __sync_* atomic operations... yes
checking that generated files are newer than configure... done
configure: creating ./config.status
config.status: creating Makefile
config.status: creating msgpack.pc
config.status: creating src/Makefile
config.status: creating test/Makefile
config.status: creating config.h
config.status: executing depfiles commands
config.status: executing libtool commands
"make install"
Making install in src
make[1]: Entering directory `/home/irem/RubymineProjects/discourse/vendor/cache/ruby/2.4.0/gems/rbtrace-0.4.8/ext/src/msgpack-1.1.0/src'
/bin/bash ../libtool  --tag=CC   --mode=compile gcc -DHAVE_CONFIG_H -I. -I..  -I../include   -O3 -Wall  -g -c -o unpack.lo unpack.c
libtool: compile:  gcc -DHAVE_CONFIG_H -I. -I.. -I../include -O3 -Wall -g -c unpack.c  -fPIC -DPIC -o unpack.o
/bin/bash ../libtool  --tag=CC   --mode=compile gcc -DHAVE_CONFIG_H -I. -I..  -I../include   -O3 -Wall  -g -c -o objectc.lo objectc.c
libtool: compile:  gcc -DHAVE_CONFIG_H -I. -I.. -I../include -O3 -Wall -g -c objectc.c  -fPIC -DPIC -o objectc.o
/bin/bash ../libtool  --tag=CC   --mode=compile gcc -DHAVE_CONFIG_H -I. -I..  -I../include   -O3 -Wall  -g -c -o version.lo version.c
libtool: compile:  gcc -DHAVE_CONFIG_H -I. -I.. -I../include -O3 -Wall -g -c version.c  -fPIC -DPIC -o version.o
/bin/bash ../libtool  --tag=CC   --mode=compile gcc -DHAVE_CONFIG_H -I. -I..  -I../include   -O3 -Wall  -g -c -o vrefbuffer.lo vrefbuffer.c
libtool: compile:  gcc -DHAVE_CONFIG_H -I. -I.. -I../include -O3 -Wall -g -c vrefbuffer.c  -fPIC -DPIC -o vrefbuffer.o
/bin/bash ../libtool  --tag=CC   --mode=compile gcc -DHAVE_CONFIG_H -I. -I..  -I../include   -O3 -Wall  -g -c -o zone.lo zone.c
libtool: compile:  gcc -DHAVE_CONFIG_H -I. -I.. -I../include -O3 -Wall -g -c zone.c  -fPIC -DPIC -o zone.o
/bin/bash ../libtool  --tag=CC   --mode=link gcc  -O3 -Wall  -g -version-info 4:0:0 -no-undefined  -o libmsgpack.la -rpath /home/irem/RubymineProjects/discourse/vendor/cache/ruby/2.4.0/gems/rbtrace-0.4.8/ext/dst/lib unpack.lo objectc.lo version.lo vrefbuffer.lo zone.lo  
libtool: link: ar cru .libs/libmsgpack.a  unpack.o objectc.o version.o vrefbuffer.o zone.o
libtool: link: ranlib .libs/libmsgpack.a
libtool: link: ( cd ".libs" && rm -f "libmsgpack.la" && ln -s "../libmsgpack.la" "libmsgpack.la" )
/bin/bash ../libtool  --tag=CC   --mode=link gcc  -O3 -Wall  -g -version-info 2:0:0 -no-undefined  -o libmsgpackc.la -rpath /home/irem/RubymineProjects/discourse/vendor/cache/ruby/2.4.0/gems/rbtrace-0.4.8/ext/dst/lib unpack.lo objectc.lo version.lo vrefbuffer.lo zone.lo  
libtool: link: ar cru .libs/libmsgpackc.a  unpack.o objectc.o version.o vrefbuffer.o zone.o
libtool: link: ranlib .libs/libmsgpackc.a
libtool: link: ( cd ".libs" && rm -f "libmsgpackc.la" && ln -s "../libmsgpackc.la" "libmsgpackc.la" )
make[2]: Entering directory `/home/irem/RubymineProjects/discourse/vendor/cache/ruby/2.4.0/gems/rbtrace-0.4.8/ext/src/msgpack-1.1.0/src'
 /bin/mkdir -p '/home/irem/RubymineProjects/discourse/vendor/cache/ruby/2.4.0/gems/rbtrace-0.4.8/ext/dst/lib'
 /bin/bash ../libtool   --mode=install /usr/bin/install -c   libmsgpack.la libmsgpackc.la '/home/irem/RubymineProjects/discourse/vendor/cache/ruby/2.4.0/gems/rbtrace-0.4.8/ext/dst/lib'
libtool: install: /usr/bin/install -c .libs/libmsgpack.lai /home/irem/RubymineProjects/discourse/vendor/cache/ruby/2.4.0/gems/rbtrace-0.4.8/ext/dst/lib/libmsgpack.la
libtool: install: /usr/bin/install -c .libs/libmsgpackc.lai /home/irem/RubymineProjects/discourse/vendor/cache/ruby/2.4.0/gems/rbtrace-0.4.8/ext/dst/lib/libmsgpackc.la
libtool: install: /usr/bin/install -c .libs/libmsgpack.a /home/irem/RubymineProjects/discourse/vendor/cache/ruby/2.4.0/gems/rbtrace-0.4.8/ext/dst/lib/libmsgpack.a
libtool: install: chmod 644 /home/irem/RubymineProjects/discourse/vendor/cache/ruby/2.4.0/gems/rbtrace-0.4.8/ext/dst/lib/libmsgpack.a
libtool: install: ranlib /home/irem/RubymineProjects/discourse/vendor/cache/ruby/2.4.0/gems/rbtrace-0.4.8/ext/dst/lib/libmsgpack.a
libtool: install: /usr/bin/install -c .libs/libmsgpackc.a /home/irem/RubymineProjects/discourse/vendor/cache/ruby/2.4.0/gems/rbtrace-0.4.8/ext/dst/lib/libmsgpackc.a
libtool: install: chmod 644 /home/irem/RubymineProjects/discourse/vendor/cache/ruby/2.4.0/gems/rbtrace-0.4.8/ext/dst/lib/libmsgpackc.a
libtool: install: ranlib /home/irem/RubymineProjects/discourse/vendor/cache/ruby/2.4.0/gems/rbtrace-0.4.8/ext/dst/lib/libmsgpackc.a
libtool: finish: PATH="/home/irem/.rvm/rubies/ruby-2.4.0/bin:/home/irem/.rvm/gems/ruby-2.4.0/bin:/home/irem/.rvm/gems/ruby-2.4.0@global/bin:/home/irem/.rvm/bin:/home/irem/.rvm/gems/ruby-2.4.0/bin:/home/irem/.rvm/gems/ruby-2.4.0@global/bin:/home/irem/.rvm/rubies/ruby-2.4.0/bin:/usr/local/sbin:/usr/local/bin:/usr/sbin:/usr/bin:/sbin:/bin:/usr/games:/usr/local/games:/home/irem/.rvm/bin:/sbin" ldconfig -n /home/irem/RubymineProjects/discourse/vendor/cache/ruby/2.4.0/gems/rbtrace-0.4.8/ext/dst/lib
----------------------------------------------------------------------
Libraries have been installed in:
   /home/irem/RubymineProjects/discourse/vendor/cache/ruby/2.4.0/gems/rbtrace-0.4.8/ext/dst/lib

If you ever happen to want to link against installed libraries
in a given directory, LIBDIR, you must either use libtool, and
specify the full pathname of the library, or use the '-LLIBDIR'
flag during linking and do at least one of the following:
   - add LIBDIR to the 'LD_LIBRARY_PATH' environment variable
     during execution
   - add LIBDIR to the 'LD_RUN_PATH' environment variable
     during linking
   - use the '-Wl,-rpath -Wl,LIBDIR' linker flag
   - have your system administrator add LIBDIR to '/etc/ld.so.conf'

See any operating system documentation about shared libraries for
more information, such as the ld(1) and ld.so(8) manual pages.
----------------------------------------------------------------------
 /bin/mkdir -p '/home/irem/RubymineProjects/discourse/vendor/cache/ruby/2.4.0/gems/rbtrace-0.4.8/ext/dst/include'
 /bin/mkdir -p '/home/irem/RubymineProjects/discourse/vendor/cache/ruby/2.4.0/gems/rbtrace-0.4.8/ext/dst/include/../include/msgpack/adaptor/cpp11'
 /usr/bin/install -c -m 644  ../include/msgpack/adaptor/cpp11/array.hpp ../include/msgpack/adaptor/cpp11/array_char.hpp ../include/msgpack/adaptor/cpp11/forward_list.hpp ../include/msgpack/adaptor/cpp11/tuple.hpp ../include/msgpack/adaptor/cpp11/unordered_map.hpp ../include/msgpack/adaptor/cpp11/unordered_set.hpp '/home/irem/RubymineProjects/discourse/vendor/cache/ruby/2.4.0/gems/rbtrace-0.4.8/ext/dst/include/../include/msgpack/adaptor/cpp11'
 /bin/mkdir -p '/home/irem/RubymineProjects/discourse/vendor/cache/ruby/2.4.0/gems/rbtrace-0.4.8/ext/dst/include/../include/msgpack'
 /usr/bin/install -c -m 644  ../include/msgpack/pack_define.h ../include/msgpack/pack_template.h ../include/msgpack/unpack_define.h ../include/msgpack/unpack_template.h ../include/msgpack/util.h ../include/msgpack/sysdep.h ../include/msgpack/gcc_atomic.h ../include/msgpack/sbuffer.h ../include/msgpack/version.h ../include/msgpack/version_master.h ../include/msgpack/vrefbuffer.h ../include/msgpack/zbuffer.h ../include/msgpack/fbuffer.h ../include/msgpack/pack.h ../include/msgpack/unpack.h ../include/msgpack/object.h ../include/msgpack/zone.h ../include/msgpack/cpp_config.hpp ../include/msgpack/fbuffer.hpp ../include/msgpack/iterator.hpp ../include/msgpack/object.hpp ../include/msgpack/object_fwd.hpp ../include/msgpack/pack.hpp ../include/msgpack/sbuffer.hpp ../include/msgpack/type.hpp ../include/msgpack/unpack.hpp ../include/msgpack/version.hpp ../include/msgpack/versioning.hpp ../include/msgpack/vrefbuffer.hpp ../include/msgpack/zbuffer.hpp ../include/msgpack/zone.hpp '/home/irem/RubymineProjects/discourse/vendor/cache/ruby/2.4.0/gems/rbtrace-0.4.8/ext/dst/include/../include/msgpack'
 /bin/mkdir -p '/home/irem/RubymineProjects/discourse/vendor/cache/ruby/2.4.0/gems/rbtrace-0.4.8/ext/dst/include/../include/msgpack/adaptor/tr1'
 /usr/bin/install -c -m 644  ../include/msgpack/adaptor/tr1/unordered_map.hpp ../include/msgpack/adaptor/tr1/unordered_set.hpp '/home/irem/RubymineProjects/discourse/vendor/cache/ruby/2.4.0/gems/rbtrace-0.4.8/ext/dst/include/../include/msgpack/adaptor/tr1'
 /bin/mkdir -p '/home/irem/RubymineProjects/discourse/vendor/cache/ruby/2.4.0/gems/rbtrace-0.4.8/ext/dst/include/../include/msgpack/detail'
 /usr/bin/install -c -m 644  ../include/msgpack/detail/cpp03_zone.hpp ../include/msgpack/detail/cpp11_zone.hpp '/home/irem/RubymineProjects/discourse/vendor/cache/ruby/2.4.0/gems/rbtrace-0.4.8/ext/dst/include/../include/msgpack/detail'
 /bin/mkdir -p '/home/irem/RubymineProjects/discourse/vendor/cache/ruby/2.4.0/gems/rbtrace-0.4.8/ext/dst/include/../include/msgpack/adaptor/detail'
 /usr/bin/install -c -m 644  ../include/msgpack/adaptor/detail/cpp03_define.hpp ../include/msgpack/adaptor/detail/cpp03_msgpack_tuple.hpp ../include/msgpack/adaptor/detail/cpp11_define.hpp ../include/msgpack/adaptor/detail/cpp11_msgpack_tuple.hpp '/home/irem/RubymineProjects/discourse/vendor/cache/ruby/2.4.0/gems/rbtrace-0.4.8/ext/dst/include/../include/msgpack/adaptor/detail'
 /bin/mkdir -p '/home/irem/RubymineProjects/discourse/vendor/cache/ruby/2.4.0/gems/rbtrace-0.4.8/ext/dst/include/../include'
 /usr/bin/install -c -m 644  ../include/msgpack.h ../include/msgpack.hpp '/home/irem/RubymineProjects/discourse/vendor/cache/ruby/2.4.0/gems/rbtrace-0.4.8/ext/dst/include/../include'
 /bin/mkdir -p '/home/irem/RubymineProjects/discourse/vendor/cache/ruby/2.4.0/gems/rbtrace-0.4.8/ext/dst/include/../include/msgpack/adaptor'
 /usr/bin/install -c -m 644  ../include/msgpack/adaptor/adaptor_base.hpp ../include/msgpack/adaptor/bool.hpp ../include/msgpack/adaptor/char_ptr.hpp ../include/msgpack/adaptor/check_container_size.hpp ../include/msgpack/adaptor/define.hpp ../include/msgpack/adaptor/deque.hpp ../include/msgpack/adaptor/fixint.hpp ../include/msgpack/adaptor/float.hpp ../include/msgpack/adaptor/int.hpp ../include/msgpack/adaptor/list.hpp ../include/msgpack/adaptor/map.hpp ../include/msgpack/adaptor/msgpack_tuple.hpp ../include/msgpack/adaptor/nil.hpp ../include/msgpack/adaptor/pair.hpp ../include/msgpack/adaptor/raw.hpp ../include/msgpack/adaptor/set.hpp ../include/msgpack/adaptor/string.hpp ../include/msgpack/adaptor/vector.hpp ../include/msgpack/adaptor/vector_bool.hpp ../include/msgpack/adaptor/vector_char.hpp '/home/irem/RubymineProjects/discourse/vendor/cache/ruby/2.4.0/gems/rbtrace-0.4.8/ext/dst/include/../include/msgpack/adaptor'
make[2]: Leaving directory `/home/irem/RubymineProjects/discourse/vendor/cache/ruby/2.4.0/gems/rbtrace-0.4.8/ext/src/msgpack-1.1.0/src'
make[1]: Leaving directory `/home/irem/RubymineProjects/discourse/vendor/cache/ruby/2.4.0/gems/rbtrace-0.4.8/ext/src/msgpack-1.1.0/src'
Making install in test
make[1]: Entering directory `/home/irem/RubymineProjects/discourse/vendor/cache/ruby/2.4.0/gems/rbtrace-0.4.8/ext/src/msgpack-1.1.0/test'
make[2]: Entering directory `/home/irem/RubymineProjects/discourse/vendor/cache/ruby/2.4.0/gems/rbtrace-0.4.8/ext/src/msgpack-1.1.0/test'
make[2]: Nothing to be done for `install-exec-am'.
make[2]: Nothing to be done for `install-data-am'.
make[2]: Leaving directory `/home/irem/RubymineProjects/discourse/vendor/cache/ruby/2.4.0/gems/rbtrace-0.4.8/ext/src/msgpack-1.1.0/test'
make[1]: Leaving directory `/home/irem/RubymineProjects/discourse/vendor/cache/ruby/2.4.0/gems/rbtrace-0.4.8/ext/src/msgpack-1.1.0/test'
make[1]: Entering directory `/home/irem/RubymineProjects/discourse/vendor/cache/ruby/2.4.0/gems/rbtrace-0.4.8/ext/src/msgpack-1.1.0'
make[2]: Entering directory `/home/irem/RubymineProjects/discourse/vendor/cache/ruby/2.4.0/gems/rbtrace-0.4.8/ext/src/msgpack-1.1.0'
make[2]: Nothing to be done for `install-exec-am'.
 /bin/mkdir -p '/home/irem/RubymineProjects/discourse/vendor/cache/ruby/2.4.0/gems/rbtrace-0.4.8/ext/dst/lib/pkgconfig'
 /usr/bin/install -c -m 644 msgpack.pc '/home/irem/RubymineProjects/discourse/vendor/cache/ruby/2.4.0/gems/rbtrace-0.4.8/ext/dst/lib/pkgconfig'
make[2]: Leaving directory `/home/irem/RubymineProjects/discourse/vendor/cache/ruby/2.4.0/gems/rbtrace-0.4.8/ext/src/msgpack-1.1.0'
make[1]: Leaving directory `/home/irem/RubymineProjects/discourse/vendor/cache/ruby/2.4.0/gems/rbtrace-0.4.8/ext/src/msgpack-1.1.0'
have_library: checking for -lmsgpackc_ext... -------------------- yes

"gcc -o conftest -I/home/irem/RubymineProjects/discourse/vendor/cache/ruby/2.4.0/gems/rbtrace-0.4.8/ext/dst/include -I/home/irem/.rvm/rubies/ruby-2.4.0/include/ruby-2.4.0/x86_64-linux -I/home/irem/.rvm/rubies/ruby-2.4.0/include/ruby-2.4.0/ruby/backward -I/home/irem/.rvm/rubies/ruby-2.4.0/include/ruby-2.4.0 -I.    -O3 -fno-fast-math -ggdb3 -Wall -Wextra -Wno-unused-parameter -Wno-parentheses -Wno-long-long -Wno-missing-field-initializers -Wno-tautological-compare -Wno-parentheses-equality -Wno-constant-logical-operand -Wno-self-assign -Wunused-variable -Wimplicit-int -Wpointer-arith -Wwrite-strings -Wdeclaration-after-statement -Wimplicit-function-declaration -Wdeprecated-declarations -Wno-packed-bitfield-compat -Wsuggest-attribute=noreturn -Wsuggest-attribute=format  -fPIC conftest.c  -L. -L/home/irem/.rvm/rubies/ruby-2.4.0/lib -Wl,-R/home/irem/.rvm/rubies/ruby-2.4.0/lib -L. -fstack-protector -rdynamic -Wl,-export-dynamic     -Wl,-R/home/irem/.rvm/rubies/ruby-2.4.0/lib -L/home/irem/.rvm/rubies/ruby-2.4.0/lib -lruby  -lpthread -lgmp -ldl -lcrypt -lm   -lc"
checked program was:
/* begin */
1: #include "ruby.h"
2: 
3: int main(int argc, char **argv)
4: {
5:   return 0;
6: }
/* end */

"gcc -o conftest -I/home/irem/RubymineProjects/discourse/vendor/cache/ruby/2.4.0/gems/rbtrace-0.4.8/ext/dst/include -I/home/irem/.rvm/rubies/ruby-2.4.0/include/ruby-2.4.0/x86_64-linux -I/home/irem/.rvm/rubies/ruby-2.4.0/include/ruby-2.4.0/ruby/backward -I/home/irem/.rvm/rubies/ruby-2.4.0/include/ruby-2.4.0 -I.    -O3 -fno-fast-math -ggdb3 -Wall -Wextra -Wno-unused-parameter -Wno-parentheses -Wno-long-long -Wno-missing-field-initializers -Wno-tautological-compare -Wno-parentheses-equality -Wno-constant-logical-operand -Wno-self-assign -Wunused-variable -Wimplicit-int -Wpointer-arith -Wwrite-strings -Wdeclaration-after-statement -Wimplicit-function-declaration -Wdeprecated-declarations -Wno-packed-bitfield-compat -Wsuggest-attribute=noreturn -Wsuggest-attribute=format  -fPIC conftest.c  -L. -L/home/irem/.rvm/rubies/ruby-2.4.0/lib -Wl,-R/home/irem/.rvm/rubies/ruby-2.4.0/lib -L. -fstack-protector -rdynamic -Wl,-export-dynamic     -Wl,-R/home/irem/.rvm/rubies/ruby-2.4.0/lib -L/home/irem/.rvm/rubies/ruby-2.4.0/lib -lruby -lmsgpackc_ext  -lpthread -lgmp -ldl -lcrypt -lm   -lc"
checked program was:
/* begin */
 1: #include "ruby.h"
 2: 
 3: /*top*/
 4: extern int t(void);
 5: int main(int argc, char **argv)
 6: {
 7:   if (argc > 1000000) {
 8:     printf("%p", &t);
 9:   }
10: 
11:   return 0;
12: }
13: 
14: int t(void) { ; return 0; }
/* end */

--------------------

have_header: checking for msgpack.h... -------------------- yes

"gcc -E -I/home/irem/RubymineProjects/discourse/vendor/cache/ruby/2.4.0/gems/rbtrace-0.4.8/ext/dst/include -I/home/irem/.rvm/rubies/ruby-2.4.0/include/ruby-2.4.0/x86_64-linux -I/home/irem/.rvm/rubies/ruby-2.4.0/include/ruby-2.4.0/ruby/backward -I/home/irem/.rvm/rubies/ruby-2.4.0/include/ruby-2.4.0 -I.    -O3 -fno-fast-math -ggdb3 -Wall -Wextra -Wno-unused-parameter -Wno-parentheses -Wno-long-long -Wno-missing-field-initializers -Wno-tautological-compare -Wno-parentheses-equality -Wno-constant-logical-operand -Wno-self-assign -Wunused-variable -Wimplicit-int -Wpointer-arith -Wwrite-strings -Wdeclaration-after-statement -Wimplicit-function-declaration -Wdeprecated-declarations -Wno-packed-bitfield-compat -Wsuggest-attribute=noreturn -Wsuggest-attribute=format  -fPIC  conftest.c -o conftest.i"
checked program was:
/* begin */
1: #include "ruby.h"
2: 
3: #include <msgpack.h>
/* end */

--------------------

have_func: checking for rb_during_gc() in ruby.h... -------------------- yes

"gcc -o conftest -I/home/irem/RubymineProjects/discourse/vendor/cache/ruby/2.4.0/gems/rbtrace-0.4.8/ext/dst/include -I/home/irem/.rvm/rubies/ruby-2.4.0/include/ruby-2.4.0/x86_64-linux -I/home/irem/.rvm/rubies/ruby-2.4.0/include/ruby-2.4.0/ruby/backward -I/home/irem/.rvm/rubies/ruby-2.4.0/include/ruby-2.4.0 -I.    -O3 -fno-fast-math -ggdb3 -Wall -Wextra -Wno-unused-parameter -Wno-parentheses -Wno-long-long -Wno-missing-field-initializers -Wno-tautological-compare -Wno-parentheses-equality -Wno-constant-logical-operand -Wno-self-assign -Wunused-variable -Wimplicit-int -Wpointer-arith -Wwrite-strings -Wdeclaration-after-statement -Wimplicit-function-declaration -Wdeprecated-declarations -Wno-packed-bitfield-compat -Wsuggest-attribute=noreturn -Wsuggest-attribute=format  -fPIC conftest.c  -L. -L/home/irem/.rvm/rubies/ruby-2.4.0/lib -Wl,-R/home/irem/.rvm/rubies/ruby-2.4.0/lib -L. -fstack-protector -rdynamic -Wl,-export-dynamic    -lmsgpackc_ext  -Wl,-R/home/irem/.rvm/rubies/ruby-2.4.0/lib -L/home/irem/.rvm/rubies/ruby-2.4.0/lib -lruby -lmsgpackc_ext  -lpthread -lgmp -ldl -lcrypt -lm   -lc"
checked program was:
/* begin */
 1: #include "ruby.h"
 2: 
 3: #include <ruby.h>
 4: 
 5: /*top*/
 6: extern int t(void);
 7: int main(int argc, char **argv)
 8: {
 9:   if (argc > 1000000) {
10:     printf("%p", &t);
11:   }
12: 
13:   return 0;
14: }
15: int t(void) { void ((*volatile p)()); p = (void ((*)()))rb_during_gc; return !p; }
/* end */

--------------------

have_func: checking for rb_gc_add_event_hook() in ruby.h,node.h... -------------------- no

"gcc -o conftest -I/home/irem/RubymineProjects/discourse/vendor/cache/ruby/2.4.0/gems/rbtrace-0.4.8/ext/dst/include -I/home/irem/.rvm/rubies/ruby-2.4.0/include/ruby-2.4.0/x86_64-linux -I/home/irem/.rvm/rubies/ruby-2.4.0/include/ruby-2.4.0/ruby/backward -I/home/irem/.rvm/rubies/ruby-2.4.0/include/ruby-2.4.0 -I.    -O3 -fno-fast-math -ggdb3 -Wall -Wextra -Wno-unused-parameter -Wno-parentheses -Wno-long-long -Wno-missing-field-initializers -Wno-tautological-compare -Wno-parentheses-equality -Wno-constant-logical-operand -Wno-self-assign -Wunused-variable -Wimplicit-int -Wpointer-arith -Wwrite-strings -Wdeclaration-after-statement -Wimplicit-function-declaration -Wdeprecated-declarations -Wno-packed-bitfield-compat -Wsuggest-attribute=noreturn -Wsuggest-attribute=format  -fPIC conftest.c  -L. -L/home/irem/.rvm/rubies/ruby-2.4.0/lib -Wl,-R/home/irem/.rvm/rubies/ruby-2.4.0/lib -L. -fstack-protector -rdynamic -Wl,-export-dynamic    -lmsgpackc_ext  -Wl,-R/home/irem/.rvm/rubies/ruby-2.4.0/lib -L/home/irem/.rvm/rubies/ruby-2.4.0/lib -lruby -lmsgpackc_ext  -lpthread -lgmp -ldl -lcrypt -lm   -lc"
conftest.c:4:18: fatal error: node.h: No such file or directory
 #include <node.h>
                  ^
compilation terminated.
checked program was:
/* begin */
 1: #include "ruby.h"
 2: 
 3: #include <ruby.h>
 4: #include <node.h>
 5: 
 6: /*top*/
 7: extern int t(void);
 8: int main(int argc, char **argv)
 9: {
10:   if (argc > 1000000) {
11:     printf("%p", &t);
12:   }
13: 
14:   return 0;
15: }
16: int t(void) { void ((*volatile p)()); p = (void ((*)()))rb_gc_add_event_hook; return !p; }
/* end */

"gcc -o conftest -I/home/irem/RubymineProjects/discourse/vendor/cache/ruby/2.4.0/gems/rbtrace-0.4.8/ext/dst/include -I/home/irem/.rvm/rubies/ruby-2.4.0/include/ruby-2.4.0/x86_64-linux -I/home/irem/.rvm/rubies/ruby-2.4.0/include/ruby-2.4.0/ruby/backward -I/home/irem/.rvm/rubies/ruby-2.4.0/include/ruby-2.4.0 -I.    -O3 -fno-fast-math -ggdb3 -Wall -Wextra -Wno-unused-parameter -Wno-parentheses -Wno-long-long -Wno-missing-field-initializers -Wno-tautological-compare -Wno-parentheses-equality -Wno-constant-logical-operand -Wno-self-assign -Wunused-variable -Wimplicit-int -Wpointer-arith -Wwrite-strings -Wdeclaration-after-statement -Wimplicit-function-declaration -Wdeprecated-declarations -Wno-packed-bitfield-compat -Wsuggest-attribute=noreturn -Wsuggest-attribute=format  -fPIC conftest.c  -L. -L/home/irem/.rvm/rubies/ruby-2.4.0/lib -Wl,-R/home/irem/.rvm/rubies/ruby-2.4.0/lib -L. -fstack-protector -rdynamic -Wl,-export-dynamic    -lmsgpackc_ext  -Wl,-R/home/irem/.rvm/rubies/ruby-2.4.0/lib -L/home/irem/.rvm/rubies/ruby-2.4.0/lib -lruby -lmsgpackc_ext  -lpthread -lgmp -ldl -lcrypt -lm   -lc"
conftest.c:4:18: fatal error: node.h: No such file or directory
 #include <node.h>
                  ^
compilation terminated.
checked program was:
/* begin */
 1: #include "ruby.h"
 2: 
 3: #include <ruby.h>
 4: #include <node.h>
 5: 
 6: /*top*/
 7: extern int t(void);
 8: int main(int argc, char **argv)
 9: {
10:   if (argc > 1000000) {
11:     printf("%p", &t);
12:   }
13: 
14:   return 0;
15: }
16: extern void rb_gc_add_event_hook();
17: int t(void) { rb_gc_add_event_hook(); return 0; }
/* end */

--------------------

have_func: checking for rb_postponed_job_register_one() in ruby.h... -------------------- yes

"gcc -o conftest -I/home/irem/RubymineProjects/discourse/vendor/cache/ruby/2.4.0/gems/rbtrace-0.4.8/ext/dst/include -I/home/irem/.rvm/rubies/ruby-2.4.0/include/ruby-2.4.0/x86_64-linux -I/home/irem/.rvm/rubies/ruby-2.4.0/include/ruby-2.4.0/ruby/backward -I/home/irem/.rvm/rubies/ruby-2.4.0/include/ruby-2.4.0 -I.    -O3 -fno-fast-math -ggdb3 -Wall -Wextra -Wno-unused-parameter -Wno-parentheses -Wno-long-long -Wno-missing-field-initializers -Wno-tautological-compare -Wno-parentheses-equality -Wno-constant-logical-operand -Wno-self-assign -Wunused-variable -Wimplicit-int -Wpointer-arith -Wwrite-strings -Wdeclaration-after-statement -Wimplicit-function-declaration -Wdeprecated-declarations -Wno-packed-bitfield-compat -Wsuggest-attribute=noreturn -Wsuggest-attribute=format  -fPIC conftest.c  -L. -L/home/irem/.rvm/rubies/ruby-2.4.0/lib -Wl,-R/home/irem/.rvm/rubies/ruby-2.4.0/lib -L. -fstack-protector -rdynamic -Wl,-export-dynamic    -lmsgpackc_ext  -Wl,-R/home/irem/.rvm/rubies/ruby-2.4.0/lib -L/home/irem/.rvm/rubies/ruby-2.4.0/lib -lruby -lmsgpackc_ext  -lpthread -lgmp -ldl -lcrypt -lm   -lc"
conftest.c: In function ‘t’:
conftest.c:15:57: error: ‘rb_postponed_job_register_one’ undeclared (first use in this function)
 int t(void) { void ((*volatile p)()); p = (void ((*)()))rb_postponed_job_register_one; return !p; }
                                                         ^
conftest.c:15:57: note: each undeclared identifier is reported only once for each function it appears in
conftest.c: At top level:
cc1: warning: unrecognized command line option "-Wno-self-assign" [enabled by default]
cc1: warning: unrecognized command line option "-Wno-constant-logical-operand" [enabled by default]
cc1: warning: unrecognized command line option "-Wno-parentheses-equality" [enabled by default]
cc1: warning: unrecognized command line option "-Wno-tautological-compare" [enabled by default]
checked program was:
/* begin */
 1: #include "ruby.h"
 2: 
 3: #include <ruby.h>
 4: 
 5: /*top*/
 6: extern int t(void);
 7: int main(int argc, char **argv)
 8: {
 9:   if (argc > 1000000) {
10:     printf("%p", &t);
11:   }
12: 
13:   return 0;
14: }
15: int t(void) { void ((*volatile p)()); p = (void ((*)()))rb_postponed_job_register_one; return !p; }
/* end */

"gcc -o conftest -I/home/irem/RubymineProjects/discourse/vendor/cache/ruby/2.4.0/gems/rbtrace-0.4.8/ext/dst/include -I/home/irem/.rvm/rubies/ruby-2.4.0/include/ruby-2.4.0/x86_64-linux -I/home/irem/.rvm/rubies/ruby-2.4.0/include/ruby-2.4.0/ruby/backward -I/home/irem/.rvm/rubies/ruby-2.4.0/include/ruby-2.4.0 -I.    -O3 -fno-fast-math -ggdb3 -Wall -Wextra -Wno-unused-parameter -Wno-parentheses -Wno-long-long -Wno-missing-field-initializers -Wno-tautological-compare -Wno-parentheses-equality -Wno-constant-logical-operand -Wno-self-assign -Wunused-variable -Wimplicit-int -Wpointer-arith -Wwrite-strings -Wdeclaration-after-statement -Wimplicit-function-declaration -Wdeprecated-declarations -Wno-packed-bitfield-compat -Wsuggest-attribute=noreturn -Wsuggest-attribute=format  -fPIC conftest.c  -L. -L/home/irem/.rvm/rubies/ruby-2.4.0/lib -Wl,-R/home/irem/.rvm/rubies/ruby-2.4.0/lib -L. -fstack-protector -rdynamic -Wl,-export-dynamic    -lmsgpackc_ext  -Wl,-R/home/irem/.rvm/rubies/ruby-2.4.0/lib -L/home/irem/.rvm/rubies/ruby-2.4.0/lib -lruby -lmsgpackc_ext  -lpthread -lgmp -ldl -lcrypt -lm   -lc"
checked program was:
/* begin */
 1: #include "ruby.h"
 2: 
 3: #include <ruby.h>
 4: 
 5: /*top*/
 6: extern int t(void);
 7: int main(int argc, char **argv)
 8: {
 9:   if (argc > 1000000) {
10:     printf("%p", &t);
11:   }
12: 
13:   return 0;
14: }
15: extern void rb_postponed_job_register_one();
16: int t(void) { rb_postponed_job_register_one(); return 0; }
/* end */

--------------------

